<?xml version="1.0" encoding="UTF-8"?>
<testsuites name="jest tests" tests="15" failures="0" errors="0" time="1.738">
  <testsuite name="getDistance" errors="0" failures="0" skipped="0" timestamp="2023-09-08T08:21:22" time="0.993" tests="3">
    <testcase classname="getDistance 2 connected Units; No nesting" name="getDistance 2 connected Units; No nesting" time="0.003">
    </testcase>
    <testcase classname="getDistance 2 connected Units; Nesting (Child used)" name="getDistance 2 connected Units; Nesting (Child used)" time="0.001">
    </testcase>
    <testcase classname="getDistance 2 connected Units; Nesting (Parent used)" name="getDistance 2 connected Units; Nesting (Parent used)" time="0.001">
    </testcase>
  </testsuite>
  <testsuite name="Path Planer" errors="0" failures="0" skipped="0" timestamp="2023-09-08T08:21:23" time="0.593" tests="12">
    <testcase classname="Path Planer getConnectedGraphForSkill - Skills Only Only skills available; no nested skills -&gt; return all skills of the same map" name="Path Planer getConnectedGraphForSkill - Skills Only Only skills available; no nested skills -&gt; return all skills of the same map" time="0.003">
    </testcase>
    <testcase classname="Path Planer getConnectedGraphForSkill - Skills Only Only skills available; nested skills -&gt; return all skills of the same map" name="Path Planer getConnectedGraphForSkill - Skills Only Only skills available; nested skills -&gt; return all skills of the same map" time="0">
    </testcase>
    <testcase classname="Path Planer getConnectedGraphForSkill - Skills Only Skills &amp; LearningUnits available; no nested skills -&gt; return all skills of the same map" name="Path Planer getConnectedGraphForSkill - Skills Only Skills &amp; LearningUnits available; no nested skills -&gt; return all skills of the same map" time="0">
    </testcase>
    <testcase classname="Path Planer getConnectedGraphForSkill - Skills &amp; LearningUnits Only skills available; no nested skills -&gt; return all skills of the same map" name="Path Planer getConnectedGraphForSkill - Skills &amp; LearningUnits Only skills available; no nested skills -&gt; return all skills of the same map" time="0">
    </testcase>
    <testcase classname="Path Planer getConnectedGraphForSkill - Skills &amp; LearningUnits Skills &amp; LearningUnits using Skills of the same repository; no nested skills -&gt; return all skills and LearningUnits" name="Path Planer getConnectedGraphForSkill - Skills &amp; LearningUnits Skills &amp; LearningUnits using Skills of the same repository; no nested skills -&gt; return all skills and LearningUnits" time="0.002">
    </testcase>
    <testcase classname="Path Planer getConnectedGraphForSkill - Skills &amp; LearningUnits Skills &amp; LearningUnits of multiple repositories; no nested skills -&gt; return only connected elements" name="Path Planer getConnectedGraphForSkill - Skills &amp; LearningUnits Skills &amp; LearningUnits of multiple repositories; no nested skills -&gt; return only connected elements" time="0">
    </testcase>
    <testcase classname="Path Planer pathForSkill No knowledge; 1 map; no nested skills; 1 goal" name="Path Planer pathForSkill No knowledge; 1 map; no nested skills; 1 goal" time="0.005">
    </testcase>
    <testcase classname="Path Planer pathForSkill Intermediate knowledge; 1 map; no nested skills; 1 goal" name="Path Planer pathForSkill Intermediate knowledge; 1 map; no nested skills; 1 goal" time="0.001">
    </testcase>
    <testcase classname="Path Planer pathForSkill No knowledge; 1 map; with nested skills; 1 goal" name="Path Planer pathForSkill No knowledge; 1 map; with nested skills; 1 goal" time="0.002">
    </testcase>
    <testcase classname="Path Planer pathForSkill No knowledge; 1 map; no nested skills; multiple requirements for 1 LU; 1 goal" name="Path Planer pathForSkill No knowledge; 1 map; no nested skills; multiple requirements for 1 LU; 1 goal" time="0.001">
    </testcase>
    <testcase classname="Path Planer pathForSkill No knowledge; 2 maps; with nested skills; multiple requirements for 1 LU; 2 goals" name="Path Planer pathForSkill No knowledge; 2 maps; with nested skills; multiple requirements for 1 LU; 2 goals" time="0.001">
    </testcase>
    <testcase classname="Path Planer pathForSkill No knowledge; 1 map; no nested skills; multiple paths; 1 goal; CostFunction" name="Path Planer pathForSkill No knowledge; 1 map; no nested skills; multiple paths; 1 goal; CostFunction" time="0.002">
    </testcase>
  </testsuite>
</testsuites>